2023-04-15 16:17:34 - [32minfo[39m - [32mAplicação rodando na porta: 3000[39m
2023-04-15 16:19:22 - [32minfo[39m - [32mConectou ao banco de dados[39m
2023-04-15 16:19:22 - [32minfo[39m - [32mAplicação rodando na porta: 3000[39m
2023-04-15 16:20:23 - [31merror[39m - [31mNão foi possível conectar[39m
2023-04-15 16:21:16 - [32minfo[39m - [32mConectou ao banco de dados[39m
2023-04-15 16:21:16 - [32minfo[39m - [32mAplicação rodando na porta: 3000[39m
2023-04-15 16:23:57 - [32minfo[39m - [32mConectou ao banco de dados[39m
2023-04-15 16:23:57 - [32minfo[39m - [32mAplicação rodando na porta: 3000[39m
2023-04-15 16:24:21 - [32minfo[39m - [32mConectou ao banco de dados[39m
2023-04-15 16:24:21 - [32minfo[39m - [32mAplicação rodando na porta: 3000[39m
2023-04-15 16:24:47 - [32minfo[39m - [32mConectou ao banco de dados[39m
2023-04-15 16:24:47 - [32minfo[39m - [32mAplicação rodando na porta: 3000[39m
2023-04-15 16:25:18 - [32minfo[39m - [32mConectou ao banco de dados[39m
2023-04-15 16:25:18 - [32minfo[39m - [32mAplicação rodando na porta: 3000[39m
2023-04-15 16:26:21 - [32minfo[39m - [32mConectou ao banco de dados[39m
2023-04-15 16:26:21 - [32minfo[39m - [32mAplicação rodando na porta: 3000[39m
2023-04-15 16:27:02 - [32minfo[39m - [32mConectou ao banco de dados[39m
2023-04-15 16:27:02 - [32minfo[39m - [32mAplicação rodando na porta: 3000[39m
2023-04-15 16:27:31 - [32minfo[39m - [32mConectou ao banco de dados[39m
2023-04-15 16:27:31 - [32minfo[39m - [32mAplicação rodando na porta: 3000[39m
2023-04-15 16:27:44 - [32minfo[39m - [32mConectou ao banco de dados[39m
2023-04-15 16:27:44 - [32minfo[39m - [32mAplicação rodando na porta: 3000[39m
2023-04-15 16:27:50 - [32minfo[39m - [32mConectou ao banco de dados[39m
2023-04-15 16:27:50 - [32minfo[39m - [32mAplicação rodando na porta: 3000[39m
2023-04-15 16:28:07 - [32minfo[39m - [32mConectou ao banco de dados[39m
2023-04-15 16:28:07 - [32minfo[39m - [32mAplicação rodando na porta: 3000[39m
2023-04-15 16:28:43 - [32minfo[39m - [32mConectou ao banco de dados[39m
2023-04-15 16:28:43 - [32minfo[39m - [32mAplicação rodando na porta: 3000[39m
2023-04-15 16:29:12 - [32minfo[39m - [32mConectou ao banco de dados[39m
2023-04-15 16:29:12 - [32minfo[39m - [32mAplicação rodando na porta: 3000[39m
2023-04-15 16:30:29 - [32minfo[39m - [32mConectou ao banco de dados[39m
2023-04-15 16:30:29 - [32minfo[39m - [32mAplicação rodando na porta: 3000[39m
2023-04-15 16:30:51 - [32minfo[39m - [32mConectou ao banco de dados[39m
2023-04-15 16:30:51 - [32minfo[39m - [32mAplicação rodando na porta: 3000[39m
2023-04-15 16:31:10 - [32minfo[39m - [32mConectou ao banco de dados[39m
2023-04-15 16:31:10 - [32minfo[39m - [32mAplicação rodando na porta: 3000[39m
2023-04-15 16:31:32 - [32minfo[39m - [32mConectou ao banco de dados[39m
2023-04-15 16:31:32 - [32minfo[39m - [32mAplicação rodando na porta: 3000[39m
2023-04-15 16:31:46 - [32minfo[39m - [32mConectou ao banco de dados[39m
2023-04-15 16:31:46 - [32minfo[39m - [32mAplicação rodando na porta: 3000[39m
2023-04-15 16:32:15 - [32minfo[39m - [32mConectou ao banco de dados[39m
2023-04-15 16:32:15 - [32minfo[39m - [32mAplicação rodando na porta: 3000[39m
2023-04-15 16:32:29 - [32minfo[39m - [32mConectou ao banco de dados[39m
2023-04-15 16:32:29 - [32minfo[39m - [32mAplicação rodando na porta: 3000[39m
2023-04-15 16:32:47 - [32minfo[39m - [32mConectou ao banco de dados[39m
2023-04-15 16:32:47 - [32minfo[39m - [32mAplicação rodando na porta: 3000[39m
2023-04-15 16:32:53 - [32minfo[39m - [32mConectou ao banco de dados[39m
2023-04-15 16:32:53 - [32minfo[39m - [32mAplicação rodando na porta: 3000[39m
2023-04-15 16:33:20 - [32minfo[39m - [32mConectou ao banco de dados[39m
2023-04-15 16:33:20 - [32minfo[39m - [32mAplicação rodando na porta: 3000[39m
2023-04-15 16:33:25 - [32minfo[39m - [32mConectou ao banco de dados[39m
2023-04-15 16:33:25 - [32minfo[39m - [32mAplicação rodando na porta: 3000[39m
2023-04-15 16:34:00 - [31merror[39m - [31mNão foi possível conectar[39m
2023-04-15 16:34:23 - [32minfo[39m - [32mConectou ao banco de dados[39m
2023-04-15 16:34:23 - [32minfo[39m - [32mAplicação rodando na porta: 3000[39m
2023-04-15 16:34:57 - [32minfo[39m - [32mConectou ao banco de dados[39m
2023-04-15 16:34:57 - [32minfo[39m - [32mAplicação rodando na porta: 3000[39m
2023-04-15 16:35:03 - [35mhttp[39m - [35mGET /api/test 200 - - 4.157 ms[39m
[35m[39m
2023-04-15 16:36:25 - [32minfo[39m - [32mConectou ao banco de dados[39m
2023-04-15 16:36:25 - [32minfo[39m - [32mAplicação rodando na porta: 3000[39m
2023-04-15 16:36:59 - [32minfo[39m - [32mConectou ao banco de dados[39m
2023-04-15 16:36:59 - [32minfo[39m - [32mAplicação rodando na porta: 3000[39m
2023-04-15 16:37:14 - [32minfo[39m - [32mConectou ao banco de dados[39m
2023-04-15 16:37:14 - [32minfo[39m - [32mAplicação rodando na porta: 3000[39m
2023-04-15 16:37:24 - [32minfo[39m - [32mConectou ao banco de dados[39m
2023-04-15 16:37:24 - [32minfo[39m - [32mAplicação rodando na porta: 3000[39m
2023-04-15 16:37:38 - [32minfo[39m - [32mConectou ao banco de dados[39m
2023-04-15 16:37:38 - [32minfo[39m - [32mAplicação rodando na porta: 3000[39m
2023-04-15 16:38:33 - [32minfo[39m - [32mConectou ao banco de dados[39m
2023-04-15 16:38:33 - [32minfo[39m - [32mAplicação rodando na porta: 3000[39m
2023-04-15 16:38:41 - [32minfo[39m - [32mConectou ao banco de dados[39m
2023-04-15 16:38:41 - [32minfo[39m - [32mAplicação rodando na porta: 3000[39m
2023-04-15 16:39:20 - [32minfo[39m - [32mConectou ao banco de dados[39m
2023-04-15 16:39:20 - [32minfo[39m - [32mAplicação rodando na porta: 3000[39m
2023-04-15 16:39:44 - [32minfo[39m - [32mConectou ao banco de dados[39m
2023-04-15 16:39:44 - [32minfo[39m - [32mAplicação rodando na porta: 3000[39m
2023-04-15 16:39:57 - [31merror[39m - [31mNão foi possível conectar[39m
2023-04-15 16:40:59 - [32minfo[39m - [32mConectou ao banco de dados[39m
2023-04-15 16:40:59 - [32minfo[39m - [32mAplicação rodando na porta: 3000[39m
2023-04-15 16:41:19 - [32minfo[39m - [32mConectou ao banco de dados[39m
2023-04-15 16:41:19 - [32minfo[39m - [32mAplicação rodando na porta: 3000[39m
2023-04-15 16:42:06 - [32minfo[39m - [32mConectou ao banco de dados[39m
2023-04-15 16:42:06 - [32minfo[39m - [32mAplicação rodando na porta: 3000[39m
2023-04-15 16:42:36 - [32minfo[39m - [32mConectou ao banco de dados[39m
2023-04-15 16:42:36 - [32minfo[39m - [32mAplicação rodando na porta: 3000[39m
2023-04-15 16:44:38 - [32minfo[39m - [32mConectou ao banco de dados[39m
2023-04-15 16:44:38 - [32minfo[39m - [32mAplicação rodando na porta: 3000[39m
2023-04-15 16:45:04 - [32minfo[39m - [32mConectou ao banco de dados[39m
2023-04-15 16:45:04 - [32minfo[39m - [32mAplicação rodando na porta: 3000[39m
2023-04-15 16:45:34 - [32minfo[39m - [32mConectou ao banco de dados[39m
2023-04-15 16:45:34 - [32minfo[39m - [32mAplicação rodando na porta: 3000[39m
2023-04-15 16:45:52 - [32minfo[39m - [32mConectou ao banco de dados[39m
2023-04-15 16:45:52 - [32minfo[39m - [32mAplicação rodando na porta: 3000[39m
2023-04-15 16:46:20 - [32minfo[39m - [32mConectou ao banco de dados[39m
2023-04-15 16:46:20 - [32minfo[39m - [32mAplicação rodando na porta: 3000[39m
2023-04-15 16:46:58 - [32minfo[39m - [32mConectou ao banco de dados[39m
2023-04-15 16:46:58 - [32minfo[39m - [32mAplicação rodando na porta: 3000[39m
2023-04-15 16:47:19 - [32minfo[39m - [32mConectou ao banco de dados[39m
2023-04-15 16:47:19 - [32minfo[39m - [32mAplicação rodando na porta: 3000[39m
2023-04-15 16:48:11 - [32minfo[39m - [32mConectou ao banco de dados[39m
2023-04-15 16:48:11 - [32minfo[39m - [32mAplicação rodando na porta: 3000[39m
2023-04-15 16:48:32 - [32minfo[39m - [32mConectou ao banco de dados[39m
2023-04-15 16:48:32 - [32minfo[39m - [32mAplicação rodando na porta: 3000[39m
2023-04-15 16:50:09 - [35mhttp[39m - [35mPOST /api/movie 200 - - 4.035 ms[39m
[35m[39m
2023-04-15 16:51:29 - [32minfo[39m - [32mConectou ao banco de dados[39m
2023-04-15 16:51:29 - [32minfo[39m - [32mAplicação rodando na porta: 3000[39m
2023-04-15 16:51:39 - [32minfo[39m - [32mConectou ao banco de dados[39m
2023-04-15 16:51:39 - [32minfo[39m - [32mAplicação rodando na porta: 3000[39m
2023-04-15 16:51:53 - [32minfo[39m - [32mConectou ao banco de dados[39m
2023-04-15 16:51:53 - [32minfo[39m - [32mAplicação rodando na porta: 3000[39m
2023-04-15 16:52:09 - [32minfo[39m - [32mConectou ao banco de dados[39m
2023-04-15 16:52:09 - [32minfo[39m - [32mAplicação rodando na porta: 3000[39m
2023-04-15 16:52:51 - [32minfo[39m - [32mConectou ao banco de dados[39m
2023-04-15 16:52:51 - [32minfo[39m - [32mAplicação rodando na porta: 3000[39m
2023-04-15 16:53:15 - [32minfo[39m - [32mConectou ao banco de dados[39m
2023-04-15 16:53:15 - [32minfo[39m - [32mAplicação rodando na porta: 3000[39m
2023-04-15 16:53:42 - [32minfo[39m - [32mConectou ao banco de dados[39m
2023-04-15 16:53:42 - [32minfo[39m - [32mAplicação rodando na porta: 3000[39m
2023-04-15 16:54:23 - [32minfo[39m - [32mConectou ao banco de dados[39m
2023-04-15 16:54:23 - [32minfo[39m - [32mAplicação rodando na porta: 3000[39m
2023-04-15 16:55:45 - [35mhttp[39m - [35mPOST /api/movie 201 - - 245.370 ms[39m
[35m[39m
2023-04-15 16:58:00 - [32minfo[39m - [32mConectou ao banco de dados[39m
2023-04-15 16:58:00 - [32minfo[39m - [32mAplicação rodando na porta: 3000[39m
2023-04-15 16:58:39 - [32minfo[39m - [32mConectou ao banco de dados[39m
2023-04-15 16:58:39 - [32minfo[39m - [32mAplicação rodando na porta: 3000[39m
2023-04-15 16:59:11 - [32minfo[39m - [32mConectou ao banco de dados[39m
2023-04-15 16:59:11 - [32minfo[39m - [32mAplicação rodando na porta: 3000[39m
2023-04-15 16:59:48 - [32minfo[39m - [32mConectou ao banco de dados[39m
2023-04-15 16:59:48 - [32minfo[39m - [32mAplicação rodando na porta: 3000[39m
2023-04-15 17:00:03 - [32minfo[39m - [32mConectou ao banco de dados[39m
2023-04-15 17:00:03 - [32minfo[39m - [32mAplicação rodando na porta: 3000[39m
2023-04-15 17:00:42 - [32minfo[39m - [32mConectou ao banco de dados[39m
2023-04-15 17:00:42 - [32minfo[39m - [32mAplicação rodando na porta: 3000[39m
2023-04-15 17:01:03 - [32minfo[39m - [32mConectou ao banco de dados[39m
2023-04-15 17:01:03 - [32minfo[39m - [32mAplicação rodando na porta: 3000[39m
2023-04-15 17:01:48 - [32minfo[39m - [32mConectou ao banco de dados[39m
2023-04-15 17:01:48 - [32minfo[39m - [32mAplicação rodando na porta: 3000[39m
2023-04-15 17:02:27 - [32minfo[39m - [32mConectou ao banco de dados[39m
2023-04-15 17:02:27 - [32minfo[39m - [32mAplicação rodando na porta: 3000[39m
2023-04-15 17:02:38 - [32minfo[39m - [32mConectou ao banco de dados[39m
2023-04-15 17:02:38 - [32minfo[39m - [32mAplicação rodando na porta: 3000[39m
2023-04-15 17:03:23 - [32minfo[39m - [32mConectou ao banco de dados[39m
2023-04-15 17:03:23 - [32minfo[39m - [32mAplicação rodando na porta: 3000[39m
2023-04-15 17:03:55 - [32minfo[39m - [32mConectou ao banco de dados[39m
2023-04-15 17:03:55 - [32minfo[39m - [32mAplicação rodando na porta: 3000[39m
2023-04-15 17:04:19 - [32minfo[39m - [32mConectou ao banco de dados[39m
2023-04-15 17:04:19 - [32minfo[39m - [32mAplicação rodando na porta: 3000[39m
2023-04-15 17:04:51 - [32minfo[39m - [32mConectou ao banco de dados[39m
2023-04-15 17:04:51 - [32minfo[39m - [32mAplicação rodando na porta: 3000[39m
2023-04-15 17:05:01 - [32minfo[39m - [32mConectou ao banco de dados[39m
2023-04-15 17:05:01 - [32minfo[39m - [32mAplicação rodando na porta: 3000[39m
2023-04-15 17:05:23 - [32minfo[39m - [32mConectou ao banco de dados[39m
2023-04-15 17:05:23 - [32minfo[39m - [32mAplicação rodando na porta: 3000[39m
2023-04-15 17:06:51 - [32minfo[39m - [32mConectou ao banco de dados[39m
2023-04-15 17:06:51 - [32minfo[39m - [32mAplicação rodando na porta: 3000[39m
2023-04-15 17:07:15 - [32minfo[39m - [32mConectou ao banco de dados[39m
2023-04-15 17:07:15 - [32minfo[39m - [32mAplicação rodando na porta: 3000[39m
2023-04-15 17:07:53 - [32minfo[39m - [32mConectou ao banco de dados[39m
2023-04-15 17:07:53 - [32minfo[39m - [32mAplicação rodando na porta: 3000[39m
2023-04-15 17:08:03 - [32minfo[39m - [32mConectou ao banco de dados[39m
2023-04-15 17:08:03 - [32minfo[39m - [32mAplicação rodando na porta: 3000[39m
2023-04-15 17:08:43 - [32minfo[39m - [32mConectou ao banco de dados[39m
2023-04-15 17:08:43 - [32minfo[39m - [32mAplicação rodando na porta: 3000[39m
2023-04-15 17:09:12 - [32minfo[39m - [32mConectou ao banco de dados[39m
2023-04-15 17:09:12 - [32minfo[39m - [32mAplicação rodando na porta: 3000[39m
2023-04-15 17:09:35 - [31merror[39m - [31mNão foi possível conectar[39m
2023-04-15 17:10:31 - [32minfo[39m - [32mConectou ao banco de dados[39m
2023-04-15 17:10:31 - [32minfo[39m - [32mAplicação rodando na porta: 3000[39m
2023-04-15 17:11:13 - [31merror[39m - [31mNão foi possível conectar[39m
2023-04-15 17:11:51 - [32minfo[39m - [32mConectou ao banco de dados[39m
2023-04-15 17:11:51 - [32minfo[39m - [32mAplicação rodando na porta: 3000[39m
2023-04-15 17:12:20 - [32minfo[39m - [32mConectou ao banco de dados[39m
2023-04-15 17:12:20 - [32minfo[39m - [32mAplicação rodando na porta: 3000[39m
2023-04-15 17:12:27 - [32minfo[39m - [32mConectou ao banco de dados[39m
2023-04-15 17:12:27 - [32minfo[39m - [32mAplicação rodando na porta: 3000[39m
2023-04-15 17:13:08 - [32minfo[39m - [32mConectou ao banco de dados[39m
2023-04-15 17:13:08 - [32minfo[39m - [32mAplicação rodando na porta: 3000[39m
2023-04-15 17:13:29 - [32minfo[39m - [32mConectou ao banco de dados[39m
2023-04-15 17:13:29 - [32minfo[39m - [32mAplicação rodando na porta: 3000[39m
2023-04-15 17:14:53 - [32minfo[39m - [32mConectou ao banco de dados[39m
2023-04-15 17:14:53 - [32minfo[39m - [32mAplicação rodando na porta: 3000[39m
2023-04-15 17:16:49 - [32minfo[39m - [32mConectou ao banco de dados[39m
2023-04-15 17:16:49 - [32minfo[39m - [32mAplicação rodando na porta: 3000[39m
2023-04-15 17:17:14 - [32minfo[39m - [32mConectou ao banco de dados[39m
2023-04-15 17:17:14 - [32minfo[39m - [32mAplicação rodando na porta: 3000[39m
2023-04-15 17:17:29 - [35mhttp[39m - [35mPOST /api/movie - - - - ms[39m
[35m[39m
2023-04-15 17:18:11 - [32minfo[39m - [32mConectou ao banco de dados[39m
2023-04-15 17:18:11 - [32minfo[39m - [32mAplicação rodando na porta: 3000[39m
2023-04-15 17:18:17 - [35mhttp[39m - [35mPOST /api/movie - - - - ms[39m
[35m[39m
2023-04-15 17:19:09 - [35mhttp[39m - [35mPOST /api/movie - - - - ms[39m
[35m[39m
2023-04-15 17:20:20 - [31merror[39m - [31mNão foi possível conectar[39m
2023-04-15 17:20:54 - [31merror[39m - [31mNão foi possível conectar[39m
2023-04-15 17:24:37 - [32minfo[39m - [32mConectou ao banco de dados[39m
2023-04-15 17:24:37 - [32minfo[39m - [32mAplicação rodando na porta: 3000[39m
2023-04-15 17:24:45 - [35mhttp[39m - [35mPOST /api/movie - - - - ms[39m
[35m[39m
2023-04-15 17:26:16 - [32minfo[39m - [32mConectou ao banco de dados[39m
2023-04-15 17:26:16 - [32minfo[39m - [32mAplicação rodando na porta: 3000[39m
2023-04-15 17:26:28 - [35mhttp[39m - [35mPOST /api/movie - - - - ms[39m
[35m[39m
2023-04-15 17:26:43 - [32minfo[39m - [32mConectou ao banco de dados[39m
2023-04-15 17:26:43 - [32minfo[39m - [32mAplicação rodando na porta: 3000[39m
2023-04-15 17:26:55 - [35mhttp[39m - [35mPOST /api/movie - - - - ms[39m
[35m[39m
2023-04-15 17:27:45 - [32minfo[39m - [32mConectou ao banco de dados[39m
2023-04-15 17:27:45 - [32minfo[39m - [32mAplicação rodando na porta: 3000[39m
2023-04-15 17:28:18 - [32minfo[39m - [32mConectou ao banco de dados[39m
2023-04-15 17:28:18 - [32minfo[39m - [32mAplicação rodando na porta: 3000[39m
2023-04-15 17:28:21 - [35mhttp[39m - [35mPOST /api/movie 422 - - 9.188 ms[39m
[35m[39m
2023-04-15 17:28:37 - [35mhttp[39m - [35mPOST /api/movie 422 - - 1.767 ms[39m
[35m[39m
2023-04-15 17:29:30 - [35mhttp[39m - [35mPOST /api/movie 422 - - 4.123 ms[39m
[35m[39m
2023-04-15 17:30:02 - [35mhttp[39m - [35mPOST /api/movie 422 - - 8.751 ms[39m
[35m[39m
2023-04-15 17:30:02 - [32minfo[39m - [32mConectou ao banco de dados[39m
2023-04-15 17:30:02 - [32minfo[39m - [32mAplicação rodando na porta: 3000[39m
2023-04-15 17:30:47 - [32minfo[39m - [32mConectou ao banco de dados[39m
2023-04-15 17:30:47 - [32minfo[39m - [32mAplicação rodando na porta: 3000[39m
2023-04-15 17:30:54 - [32minfo[39m - [32mConectou ao banco de dados[39m
2023-04-15 17:30:54 - [32minfo[39m - [32mAplicação rodando na porta: 3000[39m
2023-04-15 17:31:06 - [35mhttp[39m - [35mPOST /api/movie 422 - - 12.368 ms[39m
[35m[39m
2023-04-15 17:31:06 - [32minfo[39m - [32mConectou ao banco de dados[39m
2023-04-15 17:31:06 - [32minfo[39m - [32mAplicação rodando na porta: 3000[39m
2023-04-15 17:31:51 - [32minfo[39m - [32mConectou ao banco de dados[39m
2023-04-15 17:31:51 - [32minfo[39m - [32mAplicação rodando na porta: 3000[39m
2023-04-15 17:32:43 - [32minfo[39m - [32mConectou ao banco de dados[39m
2023-04-15 17:32:43 - [32minfo[39m - [32mAplicação rodando na porta: 3000[39m
2023-04-15 17:33:06 - [32minfo[39m - [32mConectou ao banco de dados[39m
2023-04-15 17:33:06 - [32minfo[39m - [32mAplicação rodando na porta: 3000[39m
2023-04-15 17:33:14 - [32minfo[39m - [32mConectou ao banco de dados[39m
2023-04-15 17:33:14 - [32minfo[39m - [32mAplicação rodando na porta: 3000[39m
2023-04-15 17:36:14 - [35mhttp[39m - [35mPOST /api/movie 201 - - 231.066 ms[39m
[35m[39m
2023-04-15 17:39:23 - [32minfo[39m - [32mConectou ao banco de dados[39m
2023-04-15 17:39:23 - [32minfo[39m - [32mAplicação rodando na porta: 3000[39m
2023-04-15 17:39:52 - [32minfo[39m - [32mConectou ao banco de dados[39m
2023-04-15 17:39:52 - [32minfo[39m - [32mAplicação rodando na porta: 3000[39m
2023-04-15 17:40:31 - [32minfo[39m - [32mConectou ao banco de dados[39m
2023-04-15 17:40:31 - [32minfo[39m - [32mAplicação rodando na porta: 3000[39m
2023-04-15 17:41:21 - [31merror[39m - [31mNão foi possível conectar[39m
2023-04-15 17:41:43 - [32minfo[39m - [32mConectou ao banco de dados[39m
2023-04-15 17:41:43 - [32minfo[39m - [32mAplicação rodando na porta: 3000[39m
2023-04-15 17:41:49 - [32minfo[39m - [32mConectou ao banco de dados[39m
2023-04-15 17:41:49 - [32minfo[39m - [32mAplicação rodando na porta: 3000[39m
2023-04-15 17:42:18 - [31merror[39m - [31mNão foi possível conectar[39m
2023-04-15 17:43:54 - [32minfo[39m - [32mConectou ao banco de dados[39m
2023-04-15 17:43:54 - [32minfo[39m - [32mAplicação rodando na porta: 3000[39m
2023-04-15 17:44:01 - [35mhttp[39m - [35mGET /api/movie/643b0abe9e9d2ecf3916cf98 - - - - ms[39m
[35m[39m
2023-04-15 17:44:14 - [31merror[39m - [31mErro no sistema: Cast to ObjectId failed for value "643b0" (type string) at path "_id" for model "Movie"[39m
2023-04-15 17:44:17 - [35mhttp[39m - [35mGET /api/movie/643b0 - - - - ms[39m
[35m[39m
2023-04-15 17:45:03 - [31merror[39m - [31mErro no sistema: Cast to ObjectId failed for value "1234" (type string) at path "_id" for model "Movie"[39m
2023-04-15 17:45:06 - [35mhttp[39m - [35mGET /api/movie/1234 - - - - ms[39m
[35m[39m
2023-04-15 17:46:30 - [32minfo[39m - [32mConectou ao banco de dados[39m
2023-04-15 17:46:30 - [32minfo[39m - [32mAplicação rodando na porta: 3000[39m
2023-04-15 17:48:53 - [32minfo[39m - [32mConectou ao banco de dados[39m
2023-04-15 17:48:53 - [32minfo[39m - [32mAplicação rodando na porta: 3000[39m
2023-04-15 17:48:58 - [31merror[39m - [31mErro geral: Cast to ObjectId failed for value "1234" (type string) at path "_id" for model "Movie"[39m
2023-04-15 17:49:07 - [35mhttp[39m - [35mGET /api/movie/1234 - - - - ms[39m
[35m[39m
2023-04-15 17:50:32 - [31merror[39m - [31mNão foi possível conectar[39m
2023-04-15 17:53:55 - [32minfo[39m - [32mConectou ao banco de dados[39m
2023-04-15 17:53:55 - [32minfo[39m - [32mAplicação rodando na porta: 3000[39m
2023-04-15 17:54:11 - [35mhttp[39m - [35mGET /api/movie/643b0abe9e9d2ecf3916cf98 200 - - 291.301 ms[39m
[35m[39m
2023-04-15 17:56:20 - [32minfo[39m - [32mConectou ao banco de dados[39m
2023-04-15 17:56:20 - [32minfo[39m - [32mAplicação rodando na porta: 3000[39m
2023-04-15 17:56:42 - [32minfo[39m - [32mConectou ao banco de dados[39m
2023-04-15 17:56:42 - [32minfo[39m - [32mAplicação rodando na porta: 3000[39m
2023-04-15 17:57:16 - [32minfo[39m - [32mConectou ao banco de dados[39m
2023-04-15 17:57:16 - [32minfo[39m - [32mAplicação rodando na porta: 3000[39m
2023-04-15 17:57:45 - [32minfo[39m - [32mConectou ao banco de dados[39m
2023-04-15 17:57:45 - [32minfo[39m - [32mAplicação rodando na porta: 3000[39m
2023-04-15 17:59:52 - [32minfo[39m - [32mConectou ao banco de dados[39m
2023-04-15 17:59:52 - [32minfo[39m - [32mAplicação rodando na porta: 3000[39m
2023-04-15 18:00:58 - [32minfo[39m - [32mConectou ao banco de dados[39m
2023-04-15 18:00:58 - [32minfo[39m - [32mAplicação rodando na porta: 3000[39m
2023-04-15 18:01:27 - [32minfo[39m - [32mConectou ao banco de dados[39m
2023-04-15 18:01:27 - [32minfo[39m - [32mAplicação rodando na porta: 3000[39m
2023-04-15 18:02:01 - [35mhttp[39m - [35mGET /api/movie 200 - - 337.479 ms[39m
[35m[39m
2023-04-15 18:03:40 - [32minfo[39m - [32mConectou ao banco de dados[39m
2023-04-15 18:03:40 - [32minfo[39m - [32mAplicação rodando na porta: 3000[39m
2023-04-15 18:06:07 - [32minfo[39m - [32mConectou ao banco de dados[39m
2023-04-15 18:06:07 - [32minfo[39m - [32mAplicação rodando na porta: 3000[39m
2023-04-15 18:07:01 - [32minfo[39m - [32mConectou ao banco de dados[39m
2023-04-15 18:07:01 - [32minfo[39m - [32mAplicação rodando na porta: 3000[39m
2023-04-15 18:07:17 - [32minfo[39m - [32mConectou ao banco de dados[39m
2023-04-15 18:07:17 - [32minfo[39m - [32mAplicação rodando na porta: 3000[39m
2023-04-15 18:08:21 - [32minfo[39m - [32mConectou ao banco de dados[39m
2023-04-15 18:08:21 - [32minfo[39m - [32mAplicação rodando na porta: 3000[39m
2023-04-15 18:09:04 - [32minfo[39m - [32mConectou ao banco de dados[39m
2023-04-15 18:09:04 - [32minfo[39m - [32mAplicação rodando na porta: 3000[39m
2023-04-15 18:10:02 - [32minfo[39m - [32mConectou ao banco de dados[39m
2023-04-15 18:10:02 - [32minfo[39m - [32mAplicação rodando na porta: 3000[39m
2023-04-15 18:10:32 - [32minfo[39m - [32mConectou ao banco de dados[39m
2023-04-15 18:10:32 - [32minfo[39m - [32mAplicação rodando na porta: 3000[39m
2023-04-15 18:17:23 - [35mhttp[39m - [35mDELETE /api/movie/643b014117c3bf0190a62d4b 200 - - 361.111 ms[39m
[35m[39m
2023-04-15 18:23:33 - [32minfo[39m - [32mConectou ao banco de dados[39m
2023-04-15 18:23:33 - [32minfo[39m - [32mAplicação rodando na porta: 3000[39m
2023-04-15 18:30:52 - [32minfo[39m - [32mConectou ao banco de dados[39m
2023-04-15 18:30:52 - [32minfo[39m - [32mAplicação rodando na porta: 3000[39m
2023-04-15 18:31:16 - [32minfo[39m - [32mConectou ao banco de dados[39m
2023-04-15 18:31:16 - [32minfo[39m - [32mAplicação rodando na porta: 3000[39m
2023-04-15 18:31:51 - [32minfo[39m - [32mConectou ao banco de dados[39m
2023-04-15 18:31:51 - [32minfo[39m - [32mAplicação rodando na porta: 3000[39m
2023-04-15 18:33:15 - [32minfo[39m - [32mConectou ao banco de dados[39m
2023-04-15 18:33:15 - [32minfo[39m - [32mAplicação rodando na porta: 3000[39m
2023-04-15 18:33:34 - [32minfo[39m - [32mConectou ao banco de dados[39m
2023-04-15 18:33:34 - [32minfo[39m - [32mAplicação rodando na porta: 3000[39m
2023-04-15 18:33:50 - [32minfo[39m - [32mConectou ao banco de dados[39m
2023-04-15 18:33:50 - [32minfo[39m - [32mAplicação rodando na porta: 3000[39m
2023-04-15 18:34:25 - [32minfo[39m - [32mConectou ao banco de dados[39m
2023-04-15 18:34:25 - [32minfo[39m - [32mAplicação rodando na porta: 3000[39m
2023-04-15 18:36:18 - [35mhttp[39m - [35mPATCH /api/movie/643b0abe9e9d2ecf3916cf98 200 - - 740.555 ms[39m
[35m[39m
2023-04-15 18:37:14 - [32minfo[39m - [32mConectou ao banco de dados[39m
2023-04-15 18:37:14 - [32minfo[39m - [32mAplicação rodando na porta: 3000[39m
2023-04-15 18:37:26 - [31merror[39m - [31mErro geral: Cast to ObjectId failed for value "6643b0abe9e9d2ecf3916cf98" (type string) at path "_id" for model "Movie"[39m
2023-04-15 18:37:26 - [35mhttp[39m - [35mPATCH /api/movie/6643b0abe9e9d2ecf3916cf98 500 - - 7.658 ms[39m
[35m[39m
2023-04-15 18:37:52 - [31merror[39m - [31mErro geral: Cast to ObjectId failed for value "6643b0abe9e9d2ecf3916cf98" (type string) at path "_id" for model "Movie"[39m
2023-04-15 18:37:52 - [35mhttp[39m - [35mPATCH /api/movie/6643b0abe9e9d2ecf3916cf98 500 - - 3.182 ms[39m
[35m[39m
2023-04-15 18:39:11 - [32minfo[39m - [32mConectou ao banco de dados[39m
2023-04-15 18:39:11 - [32minfo[39m - [32mAplicação rodando na porta: 3000[39m
2023-04-15 18:39:30 - [31merror[39m - [31mErro geral: Cast to ObjectId failed for value "6643b0abe9e9d2ecf3916cf98" (type string) at path "_id" for model "Movie"[39m
2023-04-15 18:39:30 - [35mhttp[39m - [35mPATCH /api/movie/6643b0abe9e9d2ecf3916cf98 500 - - 8.579 ms[39m
[35m[39m
2023-04-15 18:39:54 - [32minfo[39m - [32mConectou ao banco de dados[39m
2023-04-15 18:39:54 - [32minfo[39m - [32mAplicação rodando na porta: 3000[39m
2023-04-15 18:39:58 - [31merror[39m - [31mErro geral: Cast to ObjectId failed for value "6643b0abe9e9d2ecf3916cf98" (type string) at path "_id" for model "Movie"[39m
2023-04-15 18:39:58 - [35mhttp[39m - [35mPATCH /api/movie/6643b0abe9e9d2ecf3916cf98 500 - - 9.287 ms[39m
[35m[39m
2023-04-15 18:40:56 - [32minfo[39m - [32mConectou ao banco de dados[39m
2023-04-15 18:40:56 - [32minfo[39m - [32mAplicação rodando na porta: 3000[39m
2023-04-15 18:40:59 - [31merror[39m - [31mErro geral: Cast to ObjectId failed for value "6643b0abe9e9d2ecf3916cf98" (type string) at path "_id" for model "Movie"[39m
2023-04-15 18:40:59 - [35mhttp[39m - [35mPATCH /api/movie/6643b0abe9e9d2ecf3916cf98 500 - - 8.721 ms[39m
[35m[39m
2023-04-15 18:41:18 - [32minfo[39m - [32mConectou ao banco de dados[39m
2023-04-15 18:41:18 - [32minfo[39m - [32mAplicação rodando na porta: 3000[39m
2023-04-15 18:41:22 - [31merror[39m - [31mErro geral: Cast to ObjectId failed for value "6643b0abe9e9d2ecf3916cf98" (type string) at path "_id" for model "Movie"[39m
2023-04-15 18:41:22 - [35mhttp[39m - [35mPATCH /api/movie/6643b0abe9e9d2ecf3916cf98 500 - - 7.712 ms[39m
[35m[39m
2023-04-15 19:04:14 - [31merror[39m - [31mNão foi possível conectar[39m
2023-04-15 19:05:01 - [32minfo[39m - [32mConectou ao banco de dados[39m
2023-04-15 19:05:01 - [32minfo[39m - [32mAplicação rodando na porta: 3000[39m
2023-04-15 19:05:05 - [31merror[39m - [31mErro geral: Cast to ObjectId failed for value "6643b0abe9e9d2ecf3916cf98" (type string) at path "_id" for model "Movie"[39m
2023-04-15 19:05:05 - [35mhttp[39m - [35mPATCH /api/movie/6643b0abe9e9d2ecf3916cf98 500 - - 10.893 ms[39m
[35m[39m
2023-04-15 19:05:25 - [35mhttp[39m - [35mGET /api/movie 200 - - 152.384 ms[39m
[35m[39m
2023-04-15 19:06:49 - [31merror[39m - [31mNão foi possível conectar[39m
2023-04-15 19:07:11 - [32minfo[39m - [32mConectou ao banco de dados[39m
2023-04-15 19:07:11 - [32minfo[39m - [32mAplicação rodando na porta: 3000[39m
2023-04-15 19:07:20 - [35mhttp[39m - [35mGET /api/movie 200 - - 609.781 ms[39m
[35m[39m
2023-04-15 19:07:30 - [31merror[39m - [31mErro geral: Cast to ObjectId failed for value "6643b0abe9e9d2ecf3916cf98" (type string) at path "_id" for model "Movie"[39m
2023-04-15 19:07:30 - [35mhttp[39m - [35mPATCH /api/movie/6643b0abe9e9d2ecf3916cf98 500 - - 4.616 ms[39m
[35m[39m
2023-04-15 19:13:26 - [32minfo[39m - [32mConectou ao banco de dados[39m
2023-04-15 19:13:26 - [32minfo[39m - [32mAplicação rodando na porta: 3000[39m
2023-04-15 19:13:31 - [31merror[39m - [31mErro geral: Cast to ObjectId failed for value "6643b0abe9e9d2ecf3916cf98" (type string) at path "_id" for model "Movie"[39m
2023-04-15 19:13:31 - [35mhttp[39m - [35mPATCH /api/movie/6643b0abe9e9d2ecf3916cf98 500 - - 10.316 ms[39m
[35m[39m
2023-04-15 19:15:11 - [32minfo[39m - [32mConectou ao banco de dados[39m
2023-04-15 19:15:11 - [32minfo[39m - [32mAplicação rodando na porta: 3000[39m
2023-04-15 19:15:15 - [31merror[39m - [31mErro geral: Cast to ObjectId failed for value "6643b0abe9e9d2ecf3916cf98" (type string) at path "_id" for model "Movie"[39m
2023-04-15 19:15:15 - [35mhttp[39m - [35mPATCH /api/movie/6643b0abe9e9d2ecf3916cf98 500 - - 10.156 ms[39m
[35m[39m
2023-04-15 19:15:58 - [35mhttp[39m - [35mPATCH /api/movie/6643b0abe9e9d2ecf3916cf98 - - - - ms[39m
[35m[39m
2023-04-15 19:16:01 - [32minfo[39m - [32mConectou ao banco de dados[39m
2023-04-15 19:16:01 - [32minfo[39m - [32mAplicação rodando na porta: 3000[39m
2023-04-15 19:16:09 - [35mhttp[39m - [35mPATCH /api/movie/6643b0abe9e9d2ecf3916cf98 - - - - ms[39m
[35m[39m
2023-04-15 19:18:07 - [32minfo[39m - [32mConectou ao banco de dados[39m
2023-04-15 19:18:07 - [32minfo[39m - [32mAplicação rodando na porta: 3000[39m
2023-04-15 19:19:37 - [32minfo[39m - [32mConectou ao banco de dados[39m
2023-04-15 19:19:37 - [32minfo[39m - [32mAplicação rodando na porta: 3000[39m
2023-04-15 19:19:41 - [31merror[39m - [31mErro geral: Cast to ObjectId failed for value "[String: '6643b0abe9e9d2ecf3916cf98']" (type String) at path "_id" for model "Movie"[39m
2023-04-15 19:19:41 - [35mhttp[39m - [35mPATCH /api/movie/6643b0abe9e9d2ecf3916cf98 500 - - 11.222 ms[39m
[35m[39m
2023-04-15 19:20:47 - [32minfo[39m - [32mConectou ao banco de dados[39m
2023-04-15 19:20:47 - [32minfo[39m - [32mAplicação rodando na porta: 3000[39m
2023-04-15 19:20:55 - [31merror[39m - [31mErro geral: Cast to ObjectId failed for value "ObjectId(6643b0abe9e9d2ecf3916cf98)" (type string) at path "_id" for model "Movie"[39m
2023-04-15 19:20:55 - [35mhttp[39m - [35mPATCH /api/movie/6643b0abe9e9d2ecf3916cf98 500 - - 8.385 ms[39m
[35m[39m
2023-04-15 19:26:24 - [32minfo[39m - [32mConectou ao banco de dados[39m
2023-04-15 19:26:24 - [32minfo[39m - [32mAplicação rodando na porta: 3000[39m
2023-04-15 19:31:24 - [32minfo[39m - [32mConectou ao banco de dados[39m
2023-04-15 19:31:25 - [32minfo[39m - [32mAplicação rodando na porta: 3000[39m
2023-04-15 19:32:18 - [32minfo[39m - [32mConectou ao banco de dados[39m
2023-04-15 19:32:18 - [32minfo[39m - [32mAplicação rodando na porta: 3000[39m
2023-04-15 19:32:56 - [32minfo[39m - [32mConectou ao banco de dados[39m
2023-04-15 19:32:56 - [32minfo[39m - [32mAplicação rodando na porta: 3000[39m
2023-04-15 19:34:27 - [32minfo[39m - [32mConectou ao banco de dados[39m
2023-04-15 19:34:27 - [32minfo[39m - [32mAplicação rodando na porta: 3000[39m
2023-04-15 19:34:29 - [31merror[39m - [31mErro geral: Cast to ObjectId failed for value "6643b0abe9e9d2ecf3916cf98" (type string) at path "_id" for model "Movie"[39m
2023-04-15 19:34:29 - [35mhttp[39m - [35mPATCH /api/movie/6643b0abe9e9d2ecf3916cf98 500 - - 8.902 ms[39m
[35m[39m
2023-04-15 19:35:14 - [32minfo[39m - [32mConectou ao banco de dados[39m
2023-04-15 19:35:14 - [32minfo[39m - [32mAplicação rodando na porta: 3000[39m
2023-04-15 19:35:31 - [31merror[39m - [31mErro geral: Cast to ObjectId failed for value "6643b0abe9e9d2ecf3916cf98" (type string) at path "_id" for model "Movie"[39m
2023-04-15 19:35:31 - [35mhttp[39m - [35mPATCH /api/movie/6643b0abe9e9d2ecf3916cf98 500 - - 10.168 ms[39m
[35m[39m
2023-04-15 19:37:22 - [31merror[39m - [31mErro geral: Cast to ObjectId failed for value "[String: '6643b0abe9e9d2ecf3916cf98']" (type String) at path "_id" for model "Movie"[39m
2023-04-15 19:37:22 - [35mhttp[39m - [35mPATCH /api/movie/6643b0abe9e9d2ecf3916cf98 500 - - 15.262 ms[39m
[35m[39m
2023-04-15 19:37:30 - [31merror[39m - [31mNão foi possível conectar[39m
2023-04-15 19:38:18 - [32minfo[39m - [32mConectou ao banco de dados[39m
2023-04-15 19:38:18 - [32minfo[39m - [32mAplicação rodando na porta: 3000[39m
2023-04-15 19:38:25 - [31merror[39m - [31mErro geral: Cast to ObjectId failed for value "{ ObjectId: '6643b0abe9e9d2ecf3916cf98' }" (type Object) at path "_id" for model "Movie"[39m
2023-04-15 19:38:25 - [35mhttp[39m - [35mPATCH /api/movie/6643b0abe9e9d2ecf3916cf98 500 - - 10.550 ms[39m
[35m[39m
2023-04-15 19:40:09 - [32minfo[39m - [32mConectou ao banco de dados[39m
2023-04-15 19:40:09 - [32minfo[39m - [32mAplicação rodando na porta: 3000[39m
2023-04-15 19:42:04 - [31merror[39m - [31mNão foi possível conectar[39m
2023-04-15 19:42:52 - [32minfo[39m - [32mConectou ao banco de dados[39m
2023-04-15 19:42:52 - [32minfo[39m - [32mAplicação rodando na porta: 3000[39m
2023-04-15 19:43:28 - [31merror[39m - [31mNão foi possível conectar[39m
